<?xml version="1.0" encoding="UTF-8"?>
<!-- Generated by org.testng.reporters.JUnitXMLReporter -->
<testsuite ignored="11" hostname="NAYANJYOTIs-MacBook-Pro.local" failures="1" tests="1" name="Test" time="0.043" errors="0" timestamp="2021-09-27T16:37:02 IST">
  <testcase classname="TestNG.AnnotationsDemo" name="homepageTest" time="0.008">
    <failure type="java.lang.AssertionError" message="null">
      <![CDATA[java.lang.AssertionError: null
at TestNG.AnnotationsDemo.homepageTest(AnnotationsDemo.java:34)
at java.base/java.util.ArrayList.forEach(ArrayList.java:1511)
... Removed 29 stack frames]]>
    </failure>
  </testcase> <!-- homepageTest -->
  <testcase classname="TestNG.AnnotationsDemo" name="xeroxMachineTest" time="0.0">
    <ignored/>
  </testcase> <!-- xeroxMachineTest -->
  <testcase classname="TestNG.DependencyTC" name="receiveFriendRequest" time="0.0">
    <ignored/>
  </testcase> <!-- receiveFriendRequest -->
  <testcase classname="TestNG.AnnotationsDemo" name="validateTitle" time="0.0">
    <ignored/>
  </testcase> <!-- validateTitle -->
  <testcase classname="TestNG.AnnotationsDemo" name="validateLogin" time="0.0">
    <ignored/>
  </testcase> <!-- validateLogin -->
  <testcase classname="CapgeminiSelenium.CapgeminiSelenium.AppTest" name="testApp" time="0.0">
    <ignored/>
  </testcase> <!-- testApp -->
  <testcase classname="TestNG.ClassLevel" name="tc1" time="0.0">
    <ignored/>
  </testcase> <!-- tc1 -->
  <testcase classname="TestNG.DependencyTC" name="sendFriendRequest" time="0.0">
    <ignored/>
  </testcase> <!-- sendFriendRequest -->
  <testcase classname="TestNG.ClassLevel" name="tc4" time="0.0">
    <ignored/>
  </testcase> <!-- tc4 -->
  <testcase classname="TestNG.ClassLevel" name="tc2" time="0.0">
    <ignored/>
  </testcase> <!-- tc2 -->
  <testcase classname="TestNG.DependencyTC" name="login" time="0.0">
    <ignored/>
  </testcase> <!-- login -->
  <testcase classname="TestNG.ClassLevel" name="tc3" time="0.0">
    <ignored/>
  </testcase> <!-- tc3 -->
</testsuite> <!-- Test -->
