<?xml version="1.0" encoding="UTF-8"?>
<testng-results ignored="0" total="0" passed="0" failed="0" skipped="0">
  <reporter-output>
  </reporter-output>
  <suite started-at="2021-09-27T08:44:05Z" name="CapgeminiSelenium.CapgeminiSelenium.AppTest" finished-at="2021-09-27T08:44:05Z" duration-ms="3">
    <groups>
    </groups>
    <test started-at="2021-09-27T08:44:05Z" name="Command line test" finished-at="2021-09-27T08:44:05Z" duration-ms="3">
    </test> <!-- Command line test -->
  </suite> <!-- CapgeminiSelenium.CapgeminiSelenium.AppTest -->
</testng-results>
